<?xml version="1.0" encoding="UTF-8"?>
<!-- Generated by org.testng.reporters.JUnitReportReporter -->
<testsuite hostname="Dell-pc" failures="0" tests="1" name="com.infy.prasad_dahale.login_Test" time="0.036" errors="0" timestamp="2022-08-11T21:29:30 IST" skipped="0">
  <testcase classname="com.infy.prasad_dahale.login_Test" name="browserlaunch" time="0.036"/>
  <system-out/>
</testsuite> <!-- com.infy.prasad_dahale.login_Test -->
